[2024-02-22 08:32:50 +0000] [7] [DEBUG] Current configuration:
  config: ./gunicorn.conf.py
  wsgi_app: None
  bind: ['0.0.0.0:5002']
  backlog: 2048
  workers: 1
  worker_class: sync
  threads: 1
  worker_connections: 1000
  max_requests: 0
  max_requests_jitter: 0
  timeout: 30
  graceful_timeout: 30
  keepalive: 2
  limit_request_line: 4094
  limit_request_fields: 100
  limit_request_field_size: 8190
  reload: False
  reload_engine: auto
  reload_extra_files: []
  spew: False
  check_config: False
  print_config: False
  preload_app: False
  sendfile: None
  reuse_port: False
  chdir: /app
  daemon: False
  raw_env: []
  pidfile: None
  worker_tmp_dir: None
  user: 0
  group: 0
  umask: 0
  initgroups: False
  tmp_upload_dir: None
  secure_scheme_headers: {'X-FORWARDED-PROTOCOL': 'ssl', 'X-FORWARDED-PROTO': 'https', 'X-FORWARDED-SSL': 'on'}
  forwarded_allow_ips: ['127.0.0.1']
  accesslog: None
  disable_redirect_access_to_syslog: False
  access_log_format: %(h)s %(l)s %(u)s %(t)s "%(r)s" %(s)s %(b)s "%(f)s" "%(a)s"
  errorlog: logs/22-02-2024.log
  loglevel: debug
  capture_output: True
  logger_class: gunicorn.glogging.Logger
  logconfig: None
  logconfig_dict: {}
  logconfig_json: None
  syslog_addr: udp://localhost:514
  syslog: False
  syslog_prefix: None
  syslog_facility: user
  enable_stdio_inheritance: False
  statsd_host: None
  dogstatsd_tags: 
  statsd_prefix: 
  proc_name: None
  default_proc_name: wsgi:app
  pythonpath: None
  paste: None
  on_starting: <function OnStarting.on_starting at 0x7f1e240da550>
  on_reload: <function OnReload.on_reload at 0x7f1e240da670>
  when_ready: <function WhenReady.when_ready at 0x7f1e240da790>
  pre_fork: <function Prefork.pre_fork at 0x7f1e240da8b0>
  post_fork: <function Postfork.post_fork at 0x7f1e240da9d0>
  post_worker_init: <function PostWorkerInit.post_worker_init at 0x7f1e240daaf0>
  worker_int: <function WorkerInt.worker_int at 0x7f1e240dac10>
  worker_abort: <function WorkerAbort.worker_abort at 0x7f1e240dad30>
  pre_exec: <function PreExec.pre_exec at 0x7f1e240dae50>
  pre_request: <function PreRequest.pre_request at 0x7f1e240daf70>
  post_request: <function PostRequest.post_request at 0x7f1e240f4040>
  child_exit: <function ChildExit.child_exit at 0x7f1e240f4160>
  worker_exit: <function WorkerExit.worker_exit at 0x7f1e240f4280>
  nworkers_changed: <function NumWorkersChanged.nworkers_changed at 0x7f1e240f43a0>
  on_exit: <function OnExit.on_exit at 0x7f1e240f44c0>
  ssl_context: <function NewSSLContext.ssl_context at 0x7f1e240f45e0>
  proxy_protocol: False
  proxy_allow_ips: ['127.0.0.1']
  keyfile: None
  certfile: None
  ssl_version: 2
  cert_reqs: 0
  ca_certs: None
  suppress_ragged_eofs: True
  do_handshake_on_connect: False
  ciphers: None
  raw_paste_global_conf: []
  strip_header_spaces: False
[2024-02-22 08:32:50 +0000] [7] [INFO] Starting gunicorn 21.2.0
[2024-02-22 08:32:50 +0000] [7] [DEBUG] Arbiter booted
[2024-02-22 08:32:50 +0000] [7] [INFO] Listening at: http://0.0.0.0:5002 (7)
[2024-02-22 08:32:50 +0000] [7] [INFO] Using worker: sync
[2024-02-22 08:32:50 +0000] [9] [INFO] Booting worker with pid: 9
[2024-02-22 08:32:50 +0000] [7] [DEBUG] 1 workers
[2024-02-22 08:34:10 +0000] [9] [DEBUG] POST /api/assignment
[2024-02-22 08:42:00 +0000] [9] [DEBUG] POST /api/recommend
Current Time = 2024-02-22 08:32:51.956698 Time + 7: 2024-02-22 15:32:51.956698
save the record
Assignment[id = None, name = DSA.222.A1, description = None]
End_____________________
student_id = 2252001
[2024-02-22 08:42:00,858] ERROR in app: Exception on /api/recommend [POST]
Traceback (most recent call last):
  File "/usr/local/lib/python3.8/dist-packages/flask/app.py", line 1463, in wsgi_app
    response = self.full_dispatch_request()
  File "/usr/local/lib/python3.8/dist-packages/flask/app.py", line 872, in full_dispatch_request
    rv = self.handle_user_exception(e)
  File "/usr/local/lib/python3.8/dist-packages/flask_cors/extension.py", line 176, in wrapped_function
    return cors_after_request(app.make_response(f(*args, **kwargs)))
  File "/usr/local/lib/python3.8/dist-packages/flask/app.py", line 870, in full_dispatch_request
    rv = self.dispatch_request()
  File "/usr/local/lib/python3.8/dist-packages/flask/app.py", line 855, in dispatch_request
    return self.ensure_sync(self.view_functions[rule.endpoint])(**view_args)  # type: ignore[no-any-return]
  File "/app/flaskr/recsys/recsys_views.py", line 49, in receive_file
    stmt = select(Student).where(Student.id == student_id).exists().select()
  File "/usr/local/lib/python3.8/dist-packages/sqlalchemy/sql/_selectable_constructors.py", line 482, in select
    return Select(*entities)
  File "/usr/local/lib/python3.8/dist-packages/sqlalchemy/sql/selectable.py", line 5131, in __init__
    self._raw_columns = [
  File "/usr/local/lib/python3.8/dist-packages/sqlalchemy/sql/selectable.py", line 5132, in <listcomp>
    coercions.expect(
  File "/usr/local/lib/python3.8/dist-packages/sqlalchemy/sql/coercions.py", line 396, in expect
    resolved = impl._literal_coercion(
  File "/usr/local/lib/python3.8/dist-packages/sqlalchemy/sql/coercions.py", line 634, in _literal_coercion
    self._raise_for_expected(element, argname)
  File "/usr/local/lib/python3.8/dist-packages/sqlalchemy/sql/coercions.py", line 1122, in _raise_for_expected
    return super()._raise_for_expected(
  File "/usr/local/lib/python3.8/dist-packages/sqlalchemy/sql/coercions.py", line 693, in _raise_for_expected
    super()._raise_for_expected(
  File "/usr/local/lib/python3.8/dist-packages/sqlalchemy/sql/coercions.py", line 518, in _raise_for_expected
    raise exc.ArgumentError(msg, code=code) from err
sqlalchemy.exc.ArgumentError: Column expression, FROM clause, or other columns clause element expected, got <class 'flaskr.student.student_models.Student'>.
[2024-02-22 08:45:58 +0000] [7] [DEBUG] Current configuration:
  config: ./gunicorn.conf.py
  wsgi_app: None
  bind: ['0.0.0.0:5002']
  backlog: 2048
  workers: 1
  worker_class: sync
  threads: 1
  worker_connections: 1000
  max_requests: 0
  max_requests_jitter: 0
  timeout: 30
  graceful_timeout: 30
  keepalive: 2
  limit_request_line: 4094
  limit_request_fields: 100
  limit_request_field_size: 8190
  reload: False
  reload_engine: auto
  reload_extra_files: []
  spew: False
  check_config: False
  print_config: False
  preload_app: False
  sendfile: None
  reuse_port: False
  chdir: /app
  daemon: False
  raw_env: []
  pidfile: None
  worker_tmp_dir: None
  user: 0
  group: 0
  umask: 0
  initgroups: False
  tmp_upload_dir: None
  secure_scheme_headers: {'X-FORWARDED-PROTOCOL': 'ssl', 'X-FORWARDED-PROTO': 'https', 'X-FORWARDED-SSL': 'on'}
  forwarded_allow_ips: ['127.0.0.1']
  accesslog: None
  disable_redirect_access_to_syslog: False
  access_log_format: %(h)s %(l)s %(u)s %(t)s "%(r)s" %(s)s %(b)s "%(f)s" "%(a)s"
  errorlog: logs/22-02-2024.log
  loglevel: debug
  capture_output: True
  logger_class: gunicorn.glogging.Logger
  logconfig: None
  logconfig_dict: {}
  logconfig_json: None
  syslog_addr: udp://localhost:514
  syslog: False
  syslog_prefix: None
  syslog_facility: user
  enable_stdio_inheritance: False
  statsd_host: None
  dogstatsd_tags: 
  statsd_prefix: 
  proc_name: None
  default_proc_name: wsgi:app
  pythonpath: None
  paste: None
  on_starting: <function OnStarting.on_starting at 0x7fdaa019a550>
  on_reload: <function OnReload.on_reload at 0x7fdaa019a670>
  when_ready: <function WhenReady.when_ready at 0x7fdaa019a790>
  pre_fork: <function Prefork.pre_fork at 0x7fdaa019a8b0>
  post_fork: <function Postfork.post_fork at 0x7fdaa019a9d0>
  post_worker_init: <function PostWorkerInit.post_worker_init at 0x7fdaa019aaf0>
  worker_int: <function WorkerInt.worker_int at 0x7fdaa019ac10>
  worker_abort: <function WorkerAbort.worker_abort at 0x7fdaa019ad30>
  pre_exec: <function PreExec.pre_exec at 0x7fdaa019ae50>
  pre_request: <function PreRequest.pre_request at 0x7fdaa019af70>
  post_request: <function PostRequest.post_request at 0x7fdaa01b4040>
  child_exit: <function ChildExit.child_exit at 0x7fdaa01b4160>
  worker_exit: <function WorkerExit.worker_exit at 0x7fdaa01b4280>
  nworkers_changed: <function NumWorkersChanged.nworkers_changed at 0x7fdaa01b43a0>
  on_exit: <function OnExit.on_exit at 0x7fdaa01b44c0>
  ssl_context: <function NewSSLContext.ssl_context at 0x7fdaa01b45e0>
  proxy_protocol: False
  proxy_allow_ips: ['127.0.0.1']
  keyfile: None
  certfile: None
  ssl_version: 2
  cert_reqs: 0
  ca_certs: None
  suppress_ragged_eofs: True
  do_handshake_on_connect: False
  ciphers: None
  raw_paste_global_conf: []
  strip_header_spaces: False
[2024-02-22 08:45:58 +0000] [7] [INFO] Starting gunicorn 21.2.0
[2024-02-22 08:45:58 +0000] [7] [DEBUG] Arbiter booted
[2024-02-22 08:45:58 +0000] [7] [INFO] Listening at: http://0.0.0.0:5002 (7)
[2024-02-22 08:45:58 +0000] [7] [INFO] Using worker: sync
[2024-02-22 08:45:58 +0000] [9] [INFO] Booting worker with pid: 9
[2024-02-22 08:45:58 +0000] [7] [DEBUG] 1 workers
[2024-02-22 08:46:05 +0000] [9] [DEBUG] POST /api/recommend
Current Time = 2024-02-22 08:46:00.187873 Time + 7: 2024-02-22 15:46:00.187873
student_id = 2252001
[2024-02-22 08:46:05,855] ERROR in app: Exception on /api/recommend [POST]
Traceback (most recent call last):
  File "/usr/local/lib/python3.8/dist-packages/sqlalchemy/orm/clsregistry.py", line 515, in _resolve_name
    rval = d[token]
  File "/usr/local/lib/python3.8/dist-packages/sqlalchemy/util/_collections.py", line 344, in __missing__
    self[key] = val = self.creator(key)
  File "/usr/local/lib/python3.8/dist-packages/sqlalchemy/orm/clsregistry.py", line 483, in _access_cls
    return self.fallback[key]
KeyError: 'Account'

The above exception was the direct cause of the following exception:

Traceback (most recent call last):
  File "/usr/local/lib/python3.8/dist-packages/flask/app.py", line 1463, in wsgi_app
    response = self.full_dispatch_request()
  File "/usr/local/lib/python3.8/dist-packages/flask/app.py", line 872, in full_dispatch_request
    rv = self.handle_user_exception(e)
  File "/usr/local/lib/python3.8/dist-packages/flask_cors/extension.py", line 176, in wrapped_function
    return cors_after_request(app.make_response(f(*args, **kwargs)))
  File "/usr/local/lib/python3.8/dist-packages/flask/app.py", line 870, in full_dispatch_request
    rv = self.dispatch_request()
  File "/usr/local/lib/python3.8/dist-packages/flask/app.py", line 855, in dispatch_request
    return self.ensure_sync(self.view_functions[rule.endpoint])(**view_args)  # type: ignore[no-any-return]
  File "/app/flaskr/recsys/recsys_views.py", line 50, in receive_file
    result = db.session.execute(stmt)
  File "/usr/local/lib/python3.8/dist-packages/sqlalchemy/orm/scoping.py", line 778, in execute
    return self._proxied.execute(
  File "/usr/local/lib/python3.8/dist-packages/sqlalchemy/orm/session.py", line 2306, in execute
    return self._execute_internal(
  File "/usr/local/lib/python3.8/dist-packages/sqlalchemy/orm/session.py", line 2191, in _execute_internal
    result: Result[Any] = compile_state_cls.orm_execute_statement(
  File "/usr/local/lib/python3.8/dist-packages/sqlalchemy/orm/context.py", line 293, in orm_execute_statement
    result = conn.execute(
  File "/usr/local/lib/python3.8/dist-packages/sqlalchemy/engine/base.py", line 1408, in execute
    return meth(
  File "/usr/local/lib/python3.8/dist-packages/sqlalchemy/sql/elements.py", line 513, in _execute_on_connection
    return connection._execute_clauseelement(
  File "/usr/local/lib/python3.8/dist-packages/sqlalchemy/engine/base.py", line 1622, in _execute_clauseelement
    compiled_sql, extracted_params, cache_hit = elem._compile_w_cache(
  File "/usr/local/lib/python3.8/dist-packages/sqlalchemy/sql/elements.py", line 701, in _compile_w_cache
    compiled_sql = self._compiler(
  File "/usr/local/lib/python3.8/dist-packages/sqlalchemy/sql/elements.py", line 314, in _compiler
    return dialect.statement_compiler(dialect, self, **kw)
  File "/usr/local/lib/python3.8/dist-packages/sqlalchemy/sql/compiler.py", line 1424, in __init__
    Compiled.__init__(self, dialect, statement, **kwargs)
  File "/usr/local/lib/python3.8/dist-packages/sqlalchemy/sql/compiler.py", line 865, in __init__
    self.string = self.process(self.statement, **compile_kwargs)
  File "/usr/local/lib/python3.8/dist-packages/sqlalchemy/sql/compiler.py", line 910, in process
    return obj._compiler_dispatch(self, **kwargs)
  File "/usr/local/lib/python3.8/dist-packages/sqlalchemy/sql/visitors.py", line 141, in _compiler_dispatch
    return meth(self, **kw)  # type: ignore  # noqa: E501
  File "/usr/local/lib/python3.8/dist-packages/sqlalchemy/sql/compiler.py", line 4726, in visit_select
    for c in [
  File "/usr/local/lib/python3.8/dist-packages/sqlalchemy/sql/compiler.py", line 4727, in <listcomp>
    self._label_select_column(
  File "/usr/local/lib/python3.8/dist-packages/sqlalchemy/sql/compiler.py", line 4552, in _label_select_column
    return result_expr._compiler_dispatch(self, **column_clause_args)
  File "/usr/local/lib/python3.8/dist-packages/sqlalchemy/sql/visitors.py", line 141, in _compiler_dispatch
    return meth(self, **kw)  # type: ignore  # noqa: E501
  File "/usr/local/lib/python3.8/dist-packages/sqlalchemy/sql/compiler.py", line 2517, in visit_label
    label.element._compiler_dispatch(
  File "/usr/local/lib/python3.8/dist-packages/sqlalchemy/sql/visitors.py", line 141, in _compiler_dispatch
    return meth(self, **kw)  # type: ignore  # noqa: E501
  File "/usr/local/lib/python3.8/dist-packages/sqlalchemy/sql/compiler.py", line 3057, in visit_unary
    return self._generate_generic_unary_operator(
  File "/usr/local/lib/python3.8/dist-packages/sqlalchemy/sql/compiler.py", line 3440, in _generate_generic_unary_operator
    return opstring + unary.element._compiler_dispatch(self, **kw)
  File "/usr/local/lib/python3.8/dist-packages/sqlalchemy/sql/visitors.py", line 141, in _compiler_dispatch
    return meth(self, **kw)  # type: ignore  # noqa: E501
  File "/usr/local/lib/python3.8/dist-packages/sqlalchemy/sql/compiler.py", line 2387, in visit_grouping
    return "(" + grouping.element._compiler_dispatch(self, **kwargs) + ")"
  File "/usr/local/lib/python3.8/dist-packages/sqlalchemy/sql/visitors.py", line 141, in _compiler_dispatch
    return meth(self, **kw)  # type: ignore  # noqa: E501
  File "/usr/local/lib/python3.8/dist-packages/sqlalchemy/sql/compiler.py", line 4641, in visit_select
    compile_state = select_stmt._compile_state_factory(
  File "/usr/local/lib/python3.8/dist-packages/sqlalchemy/sql/base.py", line 684, in create_for_statement
    return klass.create_for_statement(statement, compiler, **kw)
  File "/usr/local/lib/python3.8/dist-packages/sqlalchemy/orm/context.py", line 1091, in create_for_statement
    _QueryEntity.to_compile_state(
  File "/usr/local/lib/python3.8/dist-packages/sqlalchemy/orm/context.py", line 2546, in to_compile_state
    _MapperEntity(
  File "/usr/local/lib/python3.8/dist-packages/sqlalchemy/orm/context.py", line 2626, in __init__
    entity._post_inspect
  File "/usr/local/lib/python3.8/dist-packages/sqlalchemy/util/langhelpers.py", line 1252, in __get__
    obj.__dict__[self.__name__] = result = self.fget(obj)
  File "/usr/local/lib/python3.8/dist-packages/sqlalchemy/orm/mapper.py", line 2711, in _post_inspect
    self._check_configure()
  File "/usr/local/lib/python3.8/dist-packages/sqlalchemy/orm/mapper.py", line 2388, in _check_configure
    _configure_registries({self.registry}, cascade=True)
  File "/usr/local/lib/python3.8/dist-packages/sqlalchemy/orm/mapper.py", line 4203, in _configure_registries
    _do_configure_registries(registries, cascade)
  File "/usr/local/lib/python3.8/dist-packages/sqlalchemy/orm/mapper.py", line 4244, in _do_configure_registries
    mapper._post_configure_properties()
  File "/usr/local/lib/python3.8/dist-packages/sqlalchemy/orm/mapper.py", line 2405, in _post_configure_properties
    prop.init()
  File "/usr/local/lib/python3.8/dist-packages/sqlalchemy/orm/interfaces.py", line 579, in init
    self.do_init()
  File "/usr/local/lib/python3.8/dist-packages/sqlalchemy/orm/relationships.py", line 1640, in do_init
    self._setup_entity()
  File "/usr/local/lib/python3.8/dist-packages/sqlalchemy/orm/relationships.py", line 1854, in _setup_entity
    self._clsregistry_resolve_name(argument)(),
  File "/usr/local/lib/python3.8/dist-packages/sqlalchemy/orm/clsregistry.py", line 519, in _resolve_name
    self._raise_for_name(name, err)
  File "/usr/local/lib/python3.8/dist-packages/sqlalchemy/orm/clsregistry.py", line 500, in _raise_for_name
    raise exc.InvalidRequestError(
sqlalchemy.exc.InvalidRequestError: When initializing mapper Mapper[Student(students)], expression 'Account' failed to locate a name ('Account'). If this is a class name, consider adding this relationship() to the <class 'flaskr.student.student_models.Student'> class after both dependent classes have been defined.
[2024-02-22 13:08:40 +0000] [9] [DEBUG] Ignored premature client disconnection. No more data after: b'\x16\x03\x01\x00\xee\x01\x00\x00\xea\x03\x03\xb8<\xef\xed\xd3\x90\xc7\r\x10$\x107\xf1LKA\x95&d\x8cH\xd7\x15"Da/\xf8x\xaf}\x1e p\x19\x16\x01\x9d\x9f]\xf4m\xa0\r\xa6\xe1\xdb\xb0\xcd\x85\xf7|WQH\xbd\xb2\xa4\x98\xfa\x14\x81\xcf\xf7`\x00&\xc0+\xc0/\xc0,\xc00\xcc\xa9\xcc\xa8\xc0\t\xc0\x13\xc0\n\xc0\x14\x00\x9c\x00\x9d\x00/\x005\xc0\x12\x00\n\x13\x01\x13\x02\x13\x03\x01\x00\x00{\x00\x05\x00\x05\x01\x00\x00\x00\x00\x00\n\x00\n\x00\x08\x00\x1d\x00\x17\x00\x18\x00\x19\x00\x0b\x00\x02\x01\x00\x00\r\x00\x1a\x00\x18\x08\x04\x04\x03\x08\x07\x08\x05\x08\x06\x04\x01\x05\x01\x06\x01\x05\x03\x06\x03\x02\x01\x02\x03\xff\x01\x00\x01\x00\x00\x12\x00\x00\x00+\x00\t\x08\x03\x04\x03\x03\x03\x02\x03\x01\x003\x00&\x00$\x00\x1d\x00 \x82\xd4\xb4\x84\x99\xd5B!\x0e\x19\xb7\x14F:2n\xeb\x1d\tX;\xd1\x8dNNT\x83Kw\x8c\xdf\''
[2024-02-22 13:08:40 +0000] [9] [DEBUG] Ignored premature client disconnection. No more data after: b"\x16\x03\x01\x00\xca\x01\x00\x00\xc6\x03\x03-\x02\x13\x1d\xcc\xecq\xb4\xe8\x92 \xfek\x14\x97\x8e\x9c\xf8]6\x1c\xddd9\xf3\xb6\x12p\xdcrm\xb0\x00\x00h\xcc\x14\xcc\x13\xc0/\xc0+\xc00\xc0,\xc0\x11\xc0\x07\xc0'\xc0#\xc0\x13\xc0\t\xc0(\xc0$\xc0\x14\xc0\n\xcc\x15\x00\x9e\x00\x9f\x00g\x00k\x003\x009\x00\x9c\x00\x9d\x00\x05\x00\x04\x00<\x00=\x00/\x005\xc0\x12\x00\x16\x00\n\x00\x03\x00\x08\x00\x06\x00\x14\x00\x11\x00\x19\x00\x17\x002\xc0\x08\x00\x12\x00\x13\x00\x15\x008\x00@\x00f\x00j\x00\xa2\x00\xa3\x01\x00\x005\x00\x05\x00\x05\x01\x00\x00\x00\x00\x00\n\x00\x08\x00\x06\x00\x17\x00\x18\x00\x19\x00\x0b\x00\x02\x01\x00\x00\r\x00\x0c\x00\n\x04\x01\x04\x03\x02\x01\x02\x03\x02\x02\xff\x01\x00\x01\x00\x00\x0f\x00\x01\x01"
[2024-02-23 15:09:57 +0000] [9] [WARNING] Invalid request from ip=185.170.144.3: Invalid HTTP request line: '\x03\x00\x00/*à\x00\x00\x00\x00\x00Cookie: mstshash=Administr'
[2024-02-23 21:52:30 +0000] [9] [WARNING] Invalid request from ip=91.191.209.206: Invalid HTTP request line: '\x03\x00\x00/*à\x00\x00\x00\x00\x00Cookie: mstshash=Administr'
[2024-02-23 22:17:19 +0000] [9] [DEBUG] Ignoring connection reset
[2024-02-23 22:17:19 +0000] [9] [DEBUG] GET /
[2024-02-23 22:17:48 +0000] [9] [DEBUG] GET /
[2024-02-23 22:25:33 +0000] [9] [DEBUG] Ignoring connection reset
[2024-02-23 22:25:33 +0000] [9] [DEBUG] GET /
[2024-02-23 22:26:20 +0000] [9] [DEBUG] GET /
[2024-02-23 22:57:42 +0000] [9] [DEBUG] Ignoring connection reset
[2024-02-23 22:57:42 +0000] [9] [DEBUG] GET /
[2024-02-23 22:57:56 +0000] [9] [DEBUG] GET /
[2024-02-23 22:59:41 +0000] [9] [DEBUG] Ignoring connection reset
[2024-02-23 22:59:41 +0000] [9] [DEBUG] GET /
[2024-02-23 22:59:56 +0000] [9] [DEBUG] GET /
[2024-02-24 00:08:33 +0000] [9] [WARNING] Invalid request from ip=91.191.209.202: Invalid HTTP request line: '\x03\x00\x00/*à\x00\x00\x00\x00\x00Cookie: mstshash=Administr'
[2024-02-24 00:55:00 +0000] [9] [WARNING] Invalid request from ip=91.191.209.206: Invalid HTTP request line: '\x03\x00\x00/*à\x00\x00\x00\x00\x00Cookie: mstshash=Administr'
[2024-02-24 02:56:37 +0000] [9] [WARNING] Invalid request from ip=91.191.209.202: Invalid HTTP request line: '\x03\x00\x00/*à\x00\x00\x00\x00\x00Cookie: mstshash=Administr'
[2024-02-24 11:03:59 +0000] [9] [DEBUG] Ignoring connection reset
[2024-02-24 11:04:09 +0000] [9] [DEBUG] GET /
[2024-02-24 11:04:25 +0000] [9] [DEBUG] GET /
[2024-02-24 19:34:23 +0000] [9] [DEBUG] Ignored premature client disconnection. No more data after: b'\x00\x00\x00\x1f\x00\x00\x00\x00\x00\x00\x00\x0cGetClassName\x00\x00\x00\x02\x04\x00\x00\x00\x00\x01\x00'
[2024-02-24 19:34:23 +0000] [9] [WARNING] Invalid request from ip=139.162.7.59: Invalid HTTP request line: ''
[2024-02-24 19:34:23 +0000] [9] [DEBUG] GET /
[2024-02-24 19:34:23 +0000] [9] [DEBUG] OPTIONS /
[2024-02-24 19:34:23 +0000] [9] [WARNING] Invalid request from ip=139.162.7.59: Invalid HTTP Version: 'RTSP/1.0'
[2024-02-24 19:34:28 +0000] [9] [DEBUG] Ignored premature client disconnection. No more data after: b'\x80\x00\x00(r\xfe\x1d\x13\x00\x00\x00\x00\x00\x00\x00\x02\x00\x01\x86\xa0\x00\x01\x97|\x00\x00\x00\x00\x00\x00\x00\x00\x00\x00\x00\x00\x00\x00\x00\x00\x00\x00\x00\x00'
[2024-02-24 19:34:33 +0000] [9] [DEBUG] Ignored premature client disconnection. No more data after: b'\x00\x1e\x00\x06\x01\x00\x00\x01\x00\x00\x00\x00\x00\x00\x07version\x04bind\x00\x00\x10\x00\x03'
[2024-02-24 19:34:33 +0000] [9] [WARNING] Invalid request from ip=139.162.7.59: Invalid HTTP request line: 'HELP'
[2024-02-24 19:34:38 +0000] [9] [DEBUG] Ignored premature client disconnection. No more data after: b'\x16\x03\x00\x00S\x01\x00\x00O\x03\x00?G\xd7\xf7\xba,\xee\xea\xb2`~\xf3\x00\xfd\x82{\xb9\xd5\x96\xc8w\x9b\xe6\xc4\xdb<=\xdbo\xef\x10n\x00\x00(\x00\x16\x00\x13\x00\n\x00f\x00\x05\x00\x04\x00e\x00d\x00c\x00b\x00a\x00`\x00\x15\x00\x12\x00\t\x00\x14\x00\x11\x00\x08\x00\x06\x00\x03\x01\x00'
[2024-02-24 19:34:43 +0000] [9] [DEBUG] Ignored premature client disconnection. No more data after: b'\x16\x03\x00\x00i\x01\x00\x00e\x03\x03U\x1c\xa7\xe4random1random2random3random4\x00\x00\x0c\x00/\x00\n\x00\x13\x009\x00\x04\x00\xff\x01\x00\x000\x00\r\x00,\x00*\x00\x01\x00\x03\x00\x02\x06\x01\x06\x03\x06\x02\x02\x01\x02\x03\x02\x02\x03\x01\x03\x03\x03\x02\x04\x01\x04\x03\x04\x02\x01\x01\x01\x03\x01\x02\x05\x01\x05\x03\x05\x02'
[2024-02-24 19:34:48 +0000] [9] [DEBUG] Ignored premature client disconnection. No more data after: b'\x00\x00\x00qj\x81n0\x81k\xa1\x03\x02\x01\x05\xa2\x03\x02\x01\n\xa4\x81^0\\\xa0\x07\x03\x05\x00P\x80\x00\x10\xa2\x04\x1b\x02NM\xa3\x170\x15\xa0\x03\x02\x01\x00\xa1\x0e0\x0c\x1b\x06krbtgt\x1b\x02NM\xa5\x11\x18\x0f19700101000000Z\xa7\x06\x02\x04\x1f\x1e\xb9\xd9\xa8\x170\x15\x02\x01\x12\x02\x01\x11\x02\x01\x10\x02\x01\x17\x02\x01\x01\x02\x01\x03\x02\x01\x02'
[2024-02-24 19:34:53 +0000] [9] [DEBUG] Ignored premature client disconnection. No more data after: b'\x00\x00\x00\xa4\xffSMBr\x00\x00\x00\x00\x08\x01@\x00\x00\x00\x00\x00\x00\x00\x00\x00\x00\x00\x00\x00\x00@\x06\x00\x00\x01\x00\x00\x81\x00\x02PC NETWORK PROGRAM 1.0\x00\x02MICROSOFT NETWORKS 1.03\x00\x02MICROSOFT NETWORKS 3.0\x00\x02LANMAN1.0\x00\x02LM1.2X002\x00\x02Samba\x00\x02NT LANMAN 1.0\x00\x02NT LM 0.12\x00'
[2024-02-24 19:34:58 +0000] [9] [DEBUG] Ignored premature client disconnection. No more data after: b'l\x00\x0b\x00\x00\x00\x00\x00\x00\x00\x00\x00'
[2024-02-24 19:34:58 +0000] [9] [WARNING] Invalid request from ip=139.162.7.59: Invalid HTTP Version: 'SIP/2.0'
[2024-02-24 19:35:28 +0000] [7] [CRITICAL] WORKER TIMEOUT (pid:9)
[2024-02-24 19:35:28 +0000] [9] [INFO] Worker exiting (pid: 9)
[2024-02-24 19:35:28 +0000] [7] [ERROR] Worker (pid:9) exited with code 1
[2024-02-24 19:35:28 +0000] [7] [ERROR] Worker (pid:9) exited with code 1.
[2024-02-24 19:35:28 +0000] [13] [INFO] Booting worker with pid: 13
[2024-02-24 19:35:30 +0000] [13] [DEBUG] Ignored premature client disconnection. No more data after: b'\x16\x03\x00\x00i\x01\x00\x00e\x03\x03U\x1c\xa7\xe4random1random2random3random4\x00\x00\x0c\x00/\x00\n\x00\x13\x009\x00\x04\x00\xff\x01\x00\x000\x00\r\x00,\x00*\x00\x01\x00\x03\x00\x02\x06\x01\x06\x03\x06\x02\x02\x01\x02\x03\x02\x02\x03\x01\x03\x03\x03\x02\x04\x01\x04\x03\x04\x02\x01\x01\x01\x03\x01\x02\x05\x01\x05\x03\x05\x02'
[2024-02-24 19:35:30 +0000] [13] [DEBUG] GET /
[2024-02-24 19:35:30 +0000] [13] [DEBUG] Closing connection. 
[2024-02-24 19:35:31 +0000] [13] [DEBUG] Ignored premature client disconnection. No more data after: b'\x16\x03\x00\x00S\x01\x00\x00O\x03\x00?G\xd7\xf7\xba,\xee\xea\xb2`~\xf3\x00\xfd\x82{\xb9\xd5\x96\xc8w\x9b\xe6\xc4\xdb<=\xdbo\xef\x10n\x00\x00(\x00\x16\x00\x13\x00\n\x00f\x00\x05\x00\x04\x00e\x00d\x00c\x00b\x00a\x00`\x00\x15\x00\x12\x00\t\x00\x14\x00\x11\x00\x08\x00\x06\x00\x03\x01\x00'
[2024-02-24 19:35:31 +0000] [13] [DEBUG] Ignored premature client disconnection. No more data after: b"\x16\x03\x01\x02\x00\x01\x00\x01\xfc\x03\x03\x99\x0fGl\xd5\xb6\xeb\xbd\xac\xd6\xdc\xba\x9ao\xb8u\xf0\xe4\xe4\x91\xad\\!\xbd\xb1\xc6\xda\xab\xae/\x912 ~\xc4\xf0\xa6\xcc\xf0Pa9\xdf8\x96Te\x19\x15r\xcb\xe4\xca \xd7{}\xa1\xe4\x87\xbc&\x16W.\x00\x9c\x13\x02\x13\x03\x13\x01\x003\x009\x005\x00/\xc0,\xc00\x00\xa3\x00\x9f\xcc\xa9\xcc\xa8\xcc\xaa\xc0\xaf\xc0\xad\xc0\xa3\xc0\x9f\xc0]\xc0a\xc0W\xc0S\xc0+\xc0/\x00\xa2\x00\x9e\xc0\xae\xc0\xac\xc0\xa2\xc0\x9e\xc0\\\xc0`\xc0V\xc0R\xc0$\xc0(\x00k\x00j\xc0s\xc0w\x00\xc4\x00\xc3\xc0#\xc0'\x00g\x00@\xc0r\xc0v\x00\xbe\x00\xbd\xc0\n\xc0\x14\x008\x00\x88\x00\x87\xc0\t\xc0\x13\x002\x00\x9a\x00\x99\x00E\x00D\x00\x9d\xc0\xa1\xc0\x9d\xc0Q\x00\x9c\xc0\xa0\xc0\x9c\xc0P\x00=\x00\xc0\x00<\x00\xba\x00\x84\x00\x96\x00A\x00\xff\x01\x00\x01\x17\x00\x0b\x00\x04\x03\x00\x01\x02\x00\n\x00\x0c\x00\n\x00\x1d\x00\x17\x00\x1e\x00\x19\x00\x18\x00#\x00\x00\x00\x05\x00\x05\x01\x00\x00\x00\x00\x00\x16\x00\x00\x00\x17\x00\x00\x00\r\x00*\x00(\x04\x03\x05\x03\x06\x03\x08\x07\x08\x08\x08\t\x08\n\x08\x0b\x08\x04\x08\x05\x08\x06\x04\x01\x05\x01\x06\x01\x03\x03\x03\x01\x03\x02\x04\x02\x05\x02\x06\x02\x00+\x00\x05\x04\x03\x04\x03\x03\x00-\x00\x02\x01\x01\x003\x00&\x00$\x00\x1d\x00 n\xda-7\xa0z\x19't\xb9]\xd2\xc5\x08;\xe1\x0fg\xe7\x95\xf5\xccn\xfe\x9c\xe5\x8d\x052RW[\x00\x15\x00\x7f\x00\x00\x00\x00\x00\x00\x00\x00\x00\x00\x00\x00\x00\x00\x00\x00\x00\x00\x00\x00\x00\x00\x00\x00\x00\x00\x00\x00\x00\x00\x00\x00\x00\x00\x00\x00\x00\x00\x00\x00\x00\x00\x00\x00\x00\x00\x00\x00\x00\x00\x00\x00\x00\x00\x00\x00\x00\x00\x00\x00\x00\x00\x00\x00\x00\x00\x00\x00\x00\x00\x00\x00\x00\x00\x00\x00\x00\x00\x00\x00\x00\x00\x00\x00\x00\x00\x00\x00\x00\x00\x00\x00\x00\x00\x00\x00\x00\x00\x00\x00\x00\x00\x00\x00\x00\x00\x00\x00\x00\x00\x00\x00\x00\x00\x00\x00\x00\x00\x00\x00\x00\x00\x00\x00\x00\x00\x00"
[2024-02-24 19:35:31 +0000] [13] [DEBUG] Ignored premature client disconnection. No more data after: b"\x16\x03\x01\x02\x00\x01\x00\x01\xfc\x03\x03]\xf6\xe1t4\x81\xe9\x8ai\x90\xbcl\xb2\x11z\x15\xae\xf8\xa6\xfb\x8f\x01\x84\x8c\xee,\xef\x18\x84\xb4n! \x16\xa1L\xc1Q\xa2\xdf\xfa:Y\xa2\xdc\xe0Z\xfc6d@\x9f\x06\x89>\xf5b<\xbf(\xadv\r\xdd\x08\x00\x9c\x13\x02\x13\x03\x13\x01\x003\x009\x005\x00/\xc0,\xc00\x00\xa3\x00\x9f\xcc\xa9\xcc\xa8\xcc\xaa\xc0\xaf\xc0\xad\xc0\xa3\xc0\x9f\xc0]\xc0a\xc0W\xc0S\xc0+\xc0/\x00\xa2\x00\x9e\xc0\xae\xc0\xac\xc0\xa2\xc0\x9e\xc0\\\xc0`\xc0V\xc0R\xc0$\xc0(\x00k\x00j\xc0s\xc0w\x00\xc4\x00\xc3\xc0#\xc0'\x00g\x00@\xc0r\xc0v\x00\xbe\x00\xbd\xc0\n\xc0\x14\x008\x00\x88\x00\x87\xc0\t\xc0\x13\x002\x00\x9a\x00\x99\x00E\x00D\x00\x9d\xc0\xa1\xc0\x9d\xc0Q\x00\x9c\xc0\xa0\xc0\x9c\xc0P\x00=\x00\xc0\x00<\x00\xba\x00\x84\x00\x96\x00A\x00\xff\x01\x00\x01\x17\x00\x0b\x00\x04\x03\x00\x01\x02\x00\n\x00\x0c\x00\n\x00\x1d\x00\x17\x00\x1e\x00\x19\x00\x18\x00#\x00\x00\x00\x05\x00\x05\x01\x00\x00\x00\x00\x00\x16\x00\x00\x00\x17\x00\x00\x00\r\x00*\x00(\x04\x03\x05\x03\x06\x03\x08\x07\x08\x08\x08\t\x08\n\x08\x0b\x08\x04\x08\x05\x08\x06\x04\x01\x05\x01\x06\x01\x03\x03\x03\x01\x03\x02\x04\x02\x05\x02\x06\x02\x00+\x00\x05\x04\x03\x04\x03\x03\x00-\x00\x02\x01\x01\x003\x00&\x00$\x00\x1d\x00 v-\xd6<\x16J\x94\xca\x8e\x98\xea\xc1@\xff\x84\x88\xf4\xda\x9b\xea1\xe7\xf6U\xfby}\xa4\xd8\xe3\x90:\x00\x15\x00\x7f\x00\x00\x00\x00\x00\x00\x00\x00\x00\x00\x00\x00\x00\x00\x00\x00\x00\x00\x00\x00\x00\x00\x00\x00\x00\x00\x00\x00\x00\x00\x00\x00\x00\x00\x00\x00\x00\x00\x00\x00\x00\x00\x00\x00\x00\x00\x00\x00\x00\x00\x00\x00\x00\x00\x00\x00\x00\x00\x00\x00\x00\x00\x00\x00\x00\x00\x00\x00\x00\x00\x00\x00\x00\x00\x00\x00\x00\x00\x00\x00\x00\x00\x00\x00\x00\x00\x00\x00\x00\x00\x00\x00\x00\x00\x00\x00\x00\x00\x00\x00\x00\x00\x00\x00\x00\x00\x00\x00\x00\x00\x00\x00\x00\x00\x00\x00\x00\x00\x00\x00\x00\x00\x00\x00\x00\x00\x00"
[2024-02-25 08:59:31 +0000] [7] [CRITICAL] WORKER TIMEOUT (pid:13)
[2024-02-25 08:59:31 +0000] [13] [INFO] Worker exiting (pid: 13)
Current Time = 2024-02-24 19:35:30.698160 Time + 7: 2024-02-25 02:35:30.698160
[2024-02-25 08:59:31 +0000] [7] [ERROR] Worker (pid:13) exited with code 1
[2024-02-25 08:59:31 +0000] [7] [ERROR] Worker (pid:13) exited with code 1.
[2024-02-25 08:59:31 +0000] [17] [INFO] Booting worker with pid: 17
[2024-02-25 09:04:05 +0000] [7] [CRITICAL] WORKER TIMEOUT (pid:17)
[2024-02-25 09:04:05 +0000] [17] [INFO] Worker exiting (pid: 17)
Current Time = 2024-02-25 08:59:32.979805 Time + 7: 2024-02-25 15:59:32.979805
[2024-02-25 09:04:05 +0000] [7] [ERROR] Worker (pid:17) exited with code 1
[2024-02-25 09:04:05 +0000] [7] [ERROR] Worker (pid:17) exited with code 1.
[2024-02-25 09:04:05 +0000] [21] [INFO] Booting worker with pid: 21
[2024-02-25 10:17:42 +0000] [21] [DEBUG] Ignored premature client disconnection. No more data after: b'\x00\x00\x00\x1f\x00\x00\x00\x00\x00\x00\x00\x0cGetClassName\x00\x00\x00\x02\x04\x00\x00\x00\x00\x01\x00'
[2024-02-25 10:17:42 +0000] [21] [WARNING] Invalid request from ip=139.162.7.59: Invalid HTTP request line: ''
[2024-02-25 10:17:42 +0000] [21] [DEBUG] GET /
[2024-02-25 10:17:42 +0000] [21] [DEBUG] OPTIONS /
[2024-02-25 10:17:42 +0000] [21] [WARNING] Invalid request from ip=139.162.7.59: Invalid HTTP Version: 'RTSP/1.0'
[2024-02-25 10:17:47 +0000] [21] [DEBUG] Ignored premature client disconnection. No more data after: b'\x80\x00\x00(r\xfe\x1d\x13\x00\x00\x00\x00\x00\x00\x00\x02\x00\x01\x86\xa0\x00\x01\x97|\x00\x00\x00\x00\x00\x00\x00\x00\x00\x00\x00\x00\x00\x00\x00\x00\x00\x00\x00\x00'
[2024-02-25 10:17:52 +0000] [21] [DEBUG] Ignored premature client disconnection. No more data after: b'\x00\x1e\x00\x06\x01\x00\x00\x01\x00\x00\x00\x00\x00\x00\x07version\x04bind\x00\x00\x10\x00\x03'
[2024-02-25 10:17:52 +0000] [21] [WARNING] Invalid request from ip=139.162.7.59: Invalid HTTP request line: 'HELP'
[2024-02-25 10:17:57 +0000] [21] [DEBUG] Ignored premature client disconnection. No more data after: b'\x16\x03\x00\x00S\x01\x00\x00O\x03\x00?G\xd7\xf7\xba,\xee\xea\xb2`~\xf3\x00\xfd\x82{\xb9\xd5\x96\xc8w\x9b\xe6\xc4\xdb<=\xdbo\xef\x10n\x00\x00(\x00\x16\x00\x13\x00\n\x00f\x00\x05\x00\x04\x00e\x00d\x00c\x00b\x00a\x00`\x00\x15\x00\x12\x00\t\x00\x14\x00\x11\x00\x08\x00\x06\x00\x03\x01\x00'
[2024-02-25 10:18:02 +0000] [21] [DEBUG] Ignored premature client disconnection. No more data after: b'\x16\x03\x00\x00i\x01\x00\x00e\x03\x03U\x1c\xa7\xe4random1random2random3random4\x00\x00\x0c\x00/\x00\n\x00\x13\x009\x00\x04\x00\xff\x01\x00\x000\x00\r\x00,\x00*\x00\x01\x00\x03\x00\x02\x06\x01\x06\x03\x06\x02\x02\x01\x02\x03\x02\x02\x03\x01\x03\x03\x03\x02\x04\x01\x04\x03\x04\x02\x01\x01\x01\x03\x01\x02\x05\x01\x05\x03\x05\x02'
[2024-02-25 10:18:07 +0000] [21] [DEBUG] Ignored premature client disconnection. No more data after: b'\x00\x00\x00qj\x81n0\x81k\xa1\x03\x02\x01\x05\xa2\x03\x02\x01\n\xa4\x81^0\\\xa0\x07\x03\x05\x00P\x80\x00\x10\xa2\x04\x1b\x02NM\xa3\x170\x15\xa0\x03\x02\x01\x00\xa1\x0e0\x0c\x1b\x06krbtgt\x1b\x02NM\xa5\x11\x18\x0f19700101000000Z\xa7\x06\x02\x04\x1f\x1e\xb9\xd9\xa8\x170\x15\x02\x01\x12\x02\x01\x11\x02\x01\x10\x02\x01\x17\x02\x01\x01\x02\x01\x03\x02\x01\x02'
[2024-02-25 10:18:12 +0000] [21] [DEBUG] Ignored premature client disconnection. No more data after: b'\x00\x00\x00\xa4\xffSMBr\x00\x00\x00\x00\x08\x01@\x00\x00\x00\x00\x00\x00\x00\x00\x00\x00\x00\x00\x00\x00@\x06\x00\x00\x01\x00\x00\x81\x00\x02PC NETWORK PROGRAM 1.0\x00\x02MICROSOFT NETWORKS 1.03\x00\x02MICROSOFT NETWORKS 3.0\x00\x02LANMAN1.0\x00\x02LM1.2X002\x00\x02Samba\x00\x02NT LANMAN 1.0\x00\x02NT LM 0.12\x00'
[2024-02-25 10:18:17 +0000] [21] [DEBUG] Ignored premature client disconnection. No more data after: b'l\x00\x0b\x00\x00\x00\x00\x00\x00\x00\x00\x00'
[2024-02-25 10:18:17 +0000] [21] [WARNING] Invalid request from ip=139.162.7.59: Invalid HTTP Version: 'SIP/2.0'
[2024-02-25 10:18:27 +0000] [21] [DEBUG] Closing connection. 
[2024-02-25 10:18:27 +0000] [21] [DEBUG] GET /
[2024-02-25 10:18:47 +0000] [21] [DEBUG] Ignored premature client disconnection. No more data after: b'\x0e\x00\x00\x00\x00\x00\x00\x00\x00\x00\x00\x00\x00\x00\x00\x00bbbb0100000001'
[2024-02-25 10:18:47 +0000] [21] [DEBUG] Ignored premature client disconnection. No more data after: b'\x16\x03\x01\x02\x00\x01\x00\x01\xfc\x03\x03q\x1f\x01W\xb6\r\xe4]\x14\xcd\xb3MJ\xf8\x12\xd3\x0cv\x1d\xc4\x03\xe1\\7\x04R_\xdd7\xfec\x8b g<@A/R("\xa3\xdb\xc94;RM\xff\xa3\xe1\xdc\xaf\xebd\n\xec\'\x93K}-\xb2\x10\xa4\x00\x9c\x13\x02\x13\x03\x13\x01\x003\x009\x005\x00/\xc0,\xc00\x00\xa3\x00\x9f\xcc\xa9\xcc\xa8\xcc\xaa\xc0\xaf\xc0\xad\xc0\xa3\xc0\x9f\xc0]\xc0a\xc0W\xc0S\xc0+\xc0/\x00\xa2\x00\x9e\xc0\xae\xc0\xac\xc0\xa2\xc0\x9e\xc0\\\xc0`\xc0V\xc0R\xc0$\xc0(\x00k\x00j\xc0s\xc0w\x00\xc4\x00\xc3\xc0#\xc0\'\x00g\x00@\xc0r\xc0v\x00\xbe\x00\xbd\xc0\n\xc0\x14\x008\x00\x88\x00\x87\xc0\t\xc0\x13\x002\x00\x9a\x00\x99\x00E\x00D\x00\x9d\xc0\xa1\xc0\x9d\xc0Q\x00\x9c\xc0\xa0\xc0\x9c\xc0P\x00=\x00\xc0\x00<\x00\xba\x00\x84\x00\x96\x00A\x00\xff\x01\x00\x01\x17\x00\x0b\x00\x04\x03\x00\x01\x02\x00\n\x00\x0c\x00\n\x00\x1d\x00\x17\x00\x1e\x00\x19\x00\x18\x00#\x00\x00\x00\x05\x00\x05\x01\x00\x00\x00\x00\x00\x16\x00\x00\x00\x17\x00\x00\x00\r\x00*\x00(\x04\x03\x05\x03\x06\x03\x08\x07\x08\x08\x08\t\x08\n\x08\x0b\x08\x04\x08\x05\x08\x06\x04\x01\x05\x01\x06\x01\x03\x03\x03\x01\x03\x02\x04\x02\x05\x02\x06\x02\x00+\x00\x05\x04\x03\x04\x03\x03\x00-\x00\x02\x01\x01\x003\x00&\x00$\x00\x1d\x00 ?\x1f\xdc\x17)S\xc5\xc1\xa7\x17\xf7\xa0\xe1\x9c\t\xfd55\x14E\x97\xdb\x8b\x07\x9a\xfc\xc6\x15\x1e\xd0\xcc\x13\x00\x15\x00\x7f\x00\x00\x00\x00\x00\x00\x00\x00\x00\x00\x00\x00\x00\x00\x00\x00\x00\x00\x00\x00\x00\x00\x00\x00\x00\x00\x00\x00\x00\x00\x00\x00\x00\x00\x00\x00\x00\x00\x00\x00\x00\x00\x00\x00\x00\x00\x00\x00\x00\x00\x00\x00\x00\x00\x00\x00\x00\x00\x00\x00\x00\x00\x00\x00\x00\x00\x00\x00\x00\x00\x00\x00\x00\x00\x00\x00\x00\x00\x00\x00\x00\x00\x00\x00\x00\x00\x00\x00\x00\x00\x00\x00\x00\x00\x00\x00\x00\x00\x00\x00\x00\x00\x00\x00\x00\x00\x00\x00\x00\x00\x00\x00\x00\x00\x00\x00\x00\x00\x00\x00\x00\x00\x00\x00\x00\x00\x00'
[2024-02-25 10:18:47 +0000] [21] [DEBUG] Ignored premature client disconnection. No more data after: b'\x16\x03\x00\x00i\x01\x00\x00e\x03\x03U\x1c\xa7\xe4random1random2random3random4\x00\x00\x0c\x00/\x00\n\x00\x13\x009\x00\x04\x00\xff\x01\x00\x000\x00\r\x00,\x00*\x00\x01\x00\x03\x00\x02\x06\x01\x06\x03\x06\x02\x02\x01\x02\x03\x02\x02\x03\x01\x03\x03\x03\x02\x04\x01\x04\x03\x04\x02\x01\x01\x01\x03\x01\x02\x05\x01\x05\x03\x05\x02'
[2024-02-25 10:18:47 +0000] [21] [DEBUG] Ignored premature client disconnection. No more data after: b'\x16\x03\x00\x00i\x01\x00\x00e\x03\x03U\x1c\xa7\xe4random1random2random3random4\x00\x00\x0c\x00/\x00\n\x00\x13\x009\x00\x04\x00\xff\x01\x00\x000\x00\r\x00,\x00*\x00\x01\x00\x03\x00\x02\x06\x01\x06\x03\x06\x02\x02\x01\x02\x03\x02\x02\x03\x01\x03\x03\x03\x02\x04\x01\x04\x03\x04\x02\x01\x01\x01\x03\x01\x02\x05\x01\x05\x03\x05\x02'
[2024-02-25 10:18:47 +0000] [21] [DEBUG] Ignored premature client disconnection. No more data after: b'\x16\x03\x00\x00S\x01\x00\x00O\x03\x00?G\xd7\xf7\xba,\xee\xea\xb2`~\xf3\x00\xfd\x82{\xb9\xd5\x96\xc8w\x9b\xe6\xc4\xdb<=\xdbo\xef\x10n\x00\x00(\x00\x16\x00\x13\x00\n\x00f\x00\x05\x00\x04\x00e\x00d\x00c\x00b\x00a\x00`\x00\x15\x00\x12\x00\t\x00\x14\x00\x11\x00\x08\x00\x06\x00\x03\x01\x00'
[2024-02-25 10:18:47 +0000] [21] [DEBUG] Ignored premature client disconnection. No more data after: b'\x16\x03\x00\x00i\x01\x00\x00e\x03\x03U\x1c\xa7\xe4random1random2random3random4\x00\x00\x0c\x00/\x00\n\x00\x13\x009\x00\x04\x00\xff\x01\x00\x000\x00\r\x00,\x00*\x00\x01\x00\x03\x00\x02\x06\x01\x06\x03\x06\x02\x02\x01\x02\x03\x02\x02\x03\x01\x03\x03\x03\x02\x04\x01\x04\x03\x04\x02\x01\x01\x01\x03\x01\x02\x05\x01\x05\x03\x05\x02'
[2024-02-25 22:20:28 +0000] [21] [DEBUG] Ignoring connection reset
[2024-02-25 22:20:28 +0000] [21] [DEBUG] GET /
[2024-02-25 22:20:55 +0000] [21] [DEBUG] GET /
[2024-02-25 22:22:52 +0000] [21] [DEBUG] GET /
[2024-02-25 22:22:53 +0000] [21] [DEBUG] GET /robots.txt
[2024-02-25 22:39:05 +0000] [21] [DEBUG] Ignoring connection reset
[2024-02-25 22:39:05 +0000] [21] [DEBUG] GET /
[2024-02-25 22:39:20 +0000] [21] [DEBUG] GET /
[2024-02-25 22:47:07 +0000] [21] [DEBUG] Ignoring connection reset
[2024-02-25 22:47:07 +0000] [21] [DEBUG] GET /
[2024-02-25 22:47:19 +0000] [21] [DEBUG] GET /
[2024-02-25 22:50:46 +0000] [21] [DEBUG] Ignoring connection reset
[2024-02-25 22:50:46 +0000] [21] [DEBUG] GET /
[2024-02-25 22:51:00 +0000] [21] [DEBUG] GET /
[2024-02-25 23:24:57 +0000] [21] [DEBUG] Ignoring connection reset
[2024-02-25 23:24:58 +0000] [21] [DEBUG] GET /
[2024-02-25 23:25:18 +0000] [21] [DEBUG] GET /
[2024-02-26 01:06:29 +0000] [21] [DEBUG] Ignored premature client disconnection. No more data after: b'\x16\x03\x01\x02\x00\x01\x00\x01\xfc\x03\x03h\xda\x8d\xa4d\xd0\xdd&\x85\'h\xeb)\xe1\xe9h\x11\xcfk\x1eat\xd2\xcb:\xea|J\xe9\xce\x17\xda \xc0\x9c\xfe|SN\t\xb7%\xd1\x8e;\x0f\xc8aY\xf7\xd9\xfeZ\xd3P\x19\x1a%\xf5C\x9d\x82\x06#\x9a\x00 zz\x13\x01\x13\x02\x13\x03\xc0+\xc0/\xc0,\xc00\xcc\xa9\xcc\xa8\xc0\x13\xc0\x14\x00\x9c\x00\x9d\x00/\x005\x01\x00\x01\x93ZZ\x00\x00\x00\r\x00\x12\x00\x10\x04\x03\x08\x04\x04\x01\x05\x03\x08\x05\x05\x01\x08\x06\x06\x01\x00\n\x00\n\x00\x08JJ\x00\x1d\x00\x17\x00\x18\x00\x12\x00\x00\x00\x0b\x00\x02\x01\x00\xfe\r\x00\xba\x00\x00\x01\x00\x01P\x00 \x8e\x16|\xfe\x1d\x15\xd0r\x85i\xcd\x9a\xc1\xcca\x88\xae\x12Y\xb1\x00W\xf0\x85\xcf\x9cw\xdf\x1dg9K\x00\x908\x11\xdc\xff\x84Vl.\x07M\x1b\x1a\x16\xa67"g\xc5\xd8\x0f\xb1\xd31\x10\x18\x19\x02\xc3\xaa9\x9e\x97\xa3?\x94\xec\xae\x15\xb4\xc1<\x1e\x1a:\x1c\xc9LAE\x06\x06!\xfd[\xd6\xee\xac\xbf^w#\x04\xb2\x06!W\xeb\xb4v\x95\xe4tRm\xe8\xd7:\x88&g\x13Z\x0e\xa26l/\x83\xd5\x87\xca\x8cT\xea\x0f\xea\x1e\x04Q\x11a\xdb\x02\xb8[s\r\xc1\x0fm\x9c,\xff6?\xc6*\x1d q\xe6*\xf1\x98\x1bW\x92\xb3\xbdw\xf7\x10\xb7\x9f,\xaadC3VS\x94\x99\x80\x00\x10\x00\x0e\x00\x0c\x02h2\x08http/1.1\x00\x1b\x00\x03\x02\x00\x02\x00-\x00\x02\x01\x01\xff\x01\x00\x01\x00\x00\x17\x00\x00\x00+\x00\x07\x06\x8a\x8a\x03\x04\x03\x03\x00#\x00\x00\x00\x05\x00\x05\x01\x00\x00\x00\x00Di\x00\x05\x00\x03\x02h2\x003\x00+\x00)JJ\x00\x01\x00\x00\x1d\x00 \x85l\xf5Z\x87\xe2\r\xa1t\xabY\xf6\xca\xe6\x11\xf7\xffN\x1f\x92X\x8a&\x1d\x95\xd6\x1e\xaaQ\xb7sfjj\x00\x01\x00\x00\x15\x00"\x00\x00\x00\x00\x00\x00\x00\x00\x00\x00\x00\x00\x00\x00\x00\x00\x00\x00\x00\x00\x00\x00\x00\x00\x00\x00\x00\x00\x00\x00\x00\x00\x00\x00'
[2024-02-26 01:06:29 +0000] [21] [DEBUG] GET /api/hello
[2024-02-26 01:06:31 +0000] [21] [DEBUG] GET /favicon.ico
[2024-02-26 01:41:36 +0000] [21] [DEBUG] POST /api/assignment
[2024-02-26 01:41:36,829] ERROR in app: Exception on /api/assignment [POST]
Traceback (most recent call last):
  File "/usr/local/lib/python3.8/dist-packages/sqlalchemy/orm/clsregistry.py", line 515, in _resolve_name
    rval = d[token]
  File "/usr/local/lib/python3.8/dist-packages/sqlalchemy/util/_collections.py", line 344, in __missing__
    self[key] = val = self.creator(key)
  File "/usr/local/lib/python3.8/dist-packages/sqlalchemy/orm/clsregistry.py", line 483, in _access_cls
    return self.fallback[key]
KeyError: 'Account'

The above exception was the direct cause of the following exception:

Traceback (most recent call last):
  File "/usr/local/lib/python3.8/dist-packages/flask/app.py", line 1463, in wsgi_app
    response = self.full_dispatch_request()
  File "/usr/local/lib/python3.8/dist-packages/flask/app.py", line 872, in full_dispatch_request
    rv = self.handle_user_exception(e)
  File "/usr/local/lib/python3.8/dist-packages/flask_cors/extension.py", line 176, in wrapped_function
    return cors_after_request(app.make_response(f(*args, **kwargs)))
  File "/usr/local/lib/python3.8/dist-packages/flask/app.py", line 870, in full_dispatch_request
    rv = self.dispatch_request()
  File "/usr/local/lib/python3.8/dist-packages/flask/app.py", line 855, in dispatch_request
    return self.ensure_sync(self.view_functions[rule.endpoint])(**view_args)  # type: ignore[no-any-return]
  File "/app/flaskr/assignment/assignment_views.py", line 23, in create_assignment
    a = Assignment(name=name)
  File "<string>", line 4, in __init__
  File "/usr/local/lib/python3.8/dist-packages/sqlalchemy/orm/state.py", line 559, in _initialize_instance
    manager.dispatch.init(self, args, kwargs)
  File "/usr/local/lib/python3.8/dist-packages/sqlalchemy/event/attr.py", line 497, in __call__
    fn(*args, **kw)
  File "/usr/local/lib/python3.8/dist-packages/sqlalchemy/orm/mapper.py", line 4395, in _event_on_init
    instrumenting_mapper._check_configure()
  File "/usr/local/lib/python3.8/dist-packages/sqlalchemy/orm/mapper.py", line 2388, in _check_configure
    _configure_registries({self.registry}, cascade=True)
  File "/usr/local/lib/python3.8/dist-packages/sqlalchemy/orm/mapper.py", line 4203, in _configure_registries
    _do_configure_registries(registries, cascade)
  File "/usr/local/lib/python3.8/dist-packages/sqlalchemy/orm/mapper.py", line 4244, in _do_configure_registries
    mapper._post_configure_properties()
  File "/usr/local/lib/python3.8/dist-packages/sqlalchemy/orm/mapper.py", line 2405, in _post_configure_properties
    prop.init()
  File "/usr/local/lib/python3.8/dist-packages/sqlalchemy/orm/interfaces.py", line 579, in init
    self.do_init()
  File "/usr/local/lib/python3.8/dist-packages/sqlalchemy/orm/relationships.py", line 1640, in do_init
    self._setup_entity()
  File "/usr/local/lib/python3.8/dist-packages/sqlalchemy/orm/relationships.py", line 1854, in _setup_entity
    self._clsregistry_resolve_name(argument)(),
  File "/usr/local/lib/python3.8/dist-packages/sqlalchemy/orm/clsregistry.py", line 519, in _resolve_name
    self._raise_for_name(name, err)
  File "/usr/local/lib/python3.8/dist-packages/sqlalchemy/orm/clsregistry.py", line 500, in _raise_for_name
    raise exc.InvalidRequestError(
sqlalchemy.exc.InvalidRequestError: When initializing mapper Mapper[Student(students)], expression 'Account' failed to locate a name ('Account'). If this is a class name, consider adding this relationship() to the <class 'flaskr.student.student_models.Student'> class after both dependent classes have been defined.
[2024-02-26 01:48:49 +0000] [21] [DEBUG] Ignored premature client disconnection. No more data after: b'\x16\x03\x01\x02\x1a\x01\x00\x02\x16\x03\x03 G\xdeKWI,\x95\x97P\xb2\xa3\xfc\x8f\x17\xa4\x14\x97\xfay\x1e\x0e\x11\xd0\x93x<]\x8e\x18?\x16 \xb3r9\x0b\x11<\xf0\xec\xcc\x16#\x99\x8e\x0e\xf0\xc3\xe1\xeb(\x0f\xbbe\x06\xf38\xfe9*\x8c\xa83\xda\x00 \xba\xba\x13\x01\x13\x02\x13\x03\xc0+\xc0/\xc0,\xc00\xcc\xa9\xcc\xa8\xc0\x13\xc0\x14\x00\x9c\x00\x9d\x00/\x005\x01\x00\x01\xad\n\n\x00\x00\x00\r\x00\x12\x00\x10\x04\x03\x08\x04\x04\x01\x05\x03\x08\x05\x05\x01\x08\x06\x06\x01Di\x00\x05\x00\x03\x02h2\x00\n\x00\n\x00\x08\xba\xba\x00\x1d\x00\x17\x00\x18\x00\x1b\x00\x03\x02\x00\x02\xff\x01\x00\x01\x00\x003\x00+\x00)\xba\xba\x00\x01\x00\x00\x1d\x00 \xca\x89\xadr/\xe2\xb8\xdf\xcc\xf6h\xe6\x00\xc6\x9d\x84\n\xd3a\xa7]\xf2\xc7\xb5O\xcd\x18}\xe5\xd0\xd21\x00\x0b\x00\x02\x01\x00\x00\x17\x00\x00\xfe\r\x00\xfa\x00\x00\x01\x00\x01a\x00 \xfdm\x06\xfa\xa3-\xe4\xdc\x1f,\xbc\xd0tp\x97\xea\xb2d\xb3\xa0\x8d8\\B\x10!\xb2\x12`\xc3\xees\x00\xd0\xfc\xd1\xe4\xa6\x91\xb0>\xf2s\x88p\x92\x85gZu\xe3\xb9\xd5^\x16\xb16{\x80v\x00OG\xcf6\x8e\x8cv\x8b\'\xf2\xa5[\xdb\xdew|(\x0c@$\x8eU\xc8I\xb7\xa1\xde\xca\x97:1~\xab=X\x8dN\x14\x11I\x0e%\xc7\x00\xa3\xc9\xe4\xea\xa9\x9eV}\xbf4\x1ciYN\x03C\xdf\x86"}\xa7\xb3"u\xb9~\xc7\xe1h\x937\xb8Q\xb1o\xc5V\x1e\xe1.[t\x95\xbe\x14q\xb8\xa3\x93\x8dd\x92Y\xb5\xad\xa9\x9e?\x0f\xdd\x0e\x9eM\xeb8n\x17*\xf1\x14\xdd\xab\xa6\x08\xa7\xebx*U\x80{e\x1aK3\x7f\x1a\xfc~[\x00\x9fD\x89`\xc3\xff\xc4\x84\x04\xb8\x08f\xe4\x8f\xe7\x83\x1e\xb6\x8fy\xdb\xe8lw,S\x17F\xc6\xf4p\xaf.\xb3\x015\x0b\xae\xfb\x83\xca\xeb\xc6\xe3h\xaf\x00\x10\x00\x0e\x00\x0c\x02h2\x08http/1.1\x00+\x00\x07\x06ZZ\x03\x04\x03\x03\x00-\x00\x02\x01\x01\x00#\x00\x00\x00\x12\x00\x00\x00\x05\x00\x05\x01\x00\x00\x00\x00ZZ\x00\x01\x00'
[2024-02-26 01:49:20 +0000] [21] [DEBUG] Ignored premature client disconnection. No more data after: b'\x16\x03\x01\x02\x00\x01\x00\x01\xfc\x03\x03ya.\xf1\x071C\xb0\xef\x85P\xf4\t\x19x\'\'\xd0\x88\r\x13\x85[\xc7_\x9c\xec9+W\xc6h \xddzt\xf3_\xed\x18\x93;\xfc^c\xe7\xb2\xde\xf7c\xd2N-\x9c#j\xe8\xec\xea\x13\xe6t\x18\xf7.\x00 zz\x13\x01\x13\x02\x13\x03\xc0+\xc0/\xc0,\xc00\xcc\xa9\xcc\xa8\xc0\x13\xc0\x14\x00\x9c\x00\x9d\x00/\x005\x01\x00\x01\x93\xaa\xaa\x00\x00\x00+\x00\x07\x06**\x03\x04\x03\x03\x00\x0b\x00\x02\x01\x00\x00\x10\x00\x0e\x00\x0c\x02h2\x08http/1.1\x00\r\x00\x12\x00\x10\x04\x03\x08\x04\x04\x01\x05\x03\x08\x05\x05\x01\x08\x06\x06\x01\x00\x12\x00\x00\x00\x1b\x00\x03\x02\x00\x02\xff\x01\x00\x01\x00\x00\x05\x00\x05\x01\x00\x00\x00\x00\x00\n\x00\n\x00\x08\xca\xca\x00\x1d\x00\x17\x00\x18\x00-\x00\x02\x01\x01\x00\x17\x00\x00\xfe\r\x00\xba\x00\x00\x01\x00\x01\xfe\x00 \xa4\x17\x90\xbd\x06\x87\x18\x17`\x96\xa3\xd2\t\x85kA\xf0\xd3n{@\x03cY=z\xf8\xff\xdbG\xe4q\x00\x90\xed4\xe2f\xf2\x8aL\xd55W?w\x8aY\t\xe5\xf6\xd4\xe7\x08"y\xb3$\x12\xca\xfe\xb5\xae#}d\xe6\xf2\xbe\xaeVNI\xb8\x08\x8a4\x02\x83MgN\x131\x82\xd8\xfbW\x8bP\x83\x00\r\xc4\xf6\xb3\x15\x15sC\xd8\xa1\x01\xda\xd5IF\x0b\xa8_6\xaaa$\x112\xc6?\x08t\xd7\xdf\x83\xceY\x16d\x96m>\xad\xa6\x19\x7f\x16*\x9a\xc9S\xbfBC\xc1d\xd7\x00J\x02?\x05j\x12\xb8\x0fx\xc6\t\xadG\xea\x9fp;F\xa6\xd055\xa5\x10~\x1e\x17-0$\xfcE\x003\x00+\x00)\xca\xca\x00\x01\x00\x00\x1d\x00 \xac\x03a.\xd0\xdfO\xca\x96y\xd0\\\x06\x14\xe7\xf92\xa6\xe6\xd7\x1eWOT{\xfcTL\xa8\x8fX\x15Di\x00\x05\x00\x03\x02h2\x00#\x00\x00\x8a\x8a\x00\x01\x00\x00\x15\x00"\x00\x00\x00\x00\x00\x00\x00\x00\x00\x00\x00\x00\x00\x00\x00\x00\x00\x00\x00\x00\x00\x00\x00\x00\x00\x00\x00\x00\x00\x00\x00\x00\x00\x00'
[2024-02-26 01:49:55 +0000] [21] [DEBUG] Ignored premature client disconnection. No more data after: b'\x16\x03\x01\x02\x1a\x01\x00\x02\x16\x03\x03\x9b\xa7<s\xebaU;\x94\xec\xdf\xec*v\xf3jGs\xaad\x81S\x86\xe9\xd5\xc4A\t\xd0\xa8\xe2\x0b D\x83\xf4\xcf\xd6\xec\xfb\xce\x9d,\xff\xefd\xab\xc3\xb6\xb2\xb8\xcc\xb9\x94~R0#\x8d\x8f ja\x1c\xb4\x00 \xaa\xaa\x13\x01\x13\x02\x13\x03\xc0+\xc0/\xc0,\xc00\xcc\xa9\xcc\xa8\xc0\x13\xc0\x14\x00\x9c\x00\x9d\x00/\x005\x01\x00\x01\xadzz\x00\x00\x00+\x00\x07\x06zz\x03\x04\x03\x03\xfe\r\x00\xfa\x00\x00\x01\x00\x01a\x00 u\x8a\xbc\x1c\x01io\x95\xab\x9e \nEi\xc6>\xc4\x02\x05\x1cL\xd3\xb8W\x00{\xff\xd43\xd1\xc8~\x00\xd0\tC\xe0\xb7\x8d\xe8b.\xdd\x8b4O`50M\xc8\xcb\xd8\x9a\xcePD\x92\xfd\x8c\xec\xab\xca\xef\xce"\xd8\xf0\xc9\xc5\xf8pn\x0f\xbb\x82r2\xed`\x0c%S#b\x1eg\x9aq\xd5\x04\xe7\xd2\xc9E|(\x1e%o,\x1fA2z\x8di\n/\x0c\xf4\xdc\x99\xe3\xca<GT\xcazS\xc3\xc1\xbc\x12A@E\x17\x95*\xc9\x12\x15~$\xc4\xb6$\xb38\xb8\x96\xe54\x14\x8f\xc2\xe0\x13\xc5\xacpm\xb0\xfb[\xb3\xb0=7SpW\x8es\x80q\\\xf46<\xe5\x93\xf7\xf6F\xc2\xa8\x13\x19\xd8G\xe7\xe9EV\xd7H\xc5[]\xa7\xcf\xa7\xad~\x80m\xe4m\xc0\x95w\xf6\xf1\x83\x9b\xff\xd0H3\xbc$\xf9&\xd6\xda\xc9t]M\xb8W\xe5\xed\xb8\xcbE\xa3\xb7t\t\xfb\x13\x1a\xb2\xda\xf9`\xb8\x7f\xff\x01\x00\x01\x00\x00-\x00\x02\x01\x01\x003\x00+\x00)\xca\xca\x00\x01\x00\x00\x1d\x00 \x07\x95\xa9\xaa7\x08\xe5\x9b\xd8\xfd\xe4L\x8a_\xf0\xa2\x8e\xf0\x04\xbe\x8a@v\x9b\xe90\'z\xa4\x18\xd5)\x00\x10\x00\x0e\x00\x0c\x02h2\x08http/1.1\x00\x1b\x00\x03\x02\x00\x02\x00\x17\x00\x00Di\x00\x05\x00\x03\x02h2\x00\n\x00\n\x00\x08\xca\xca\x00\x1d\x00\x17\x00\x18\x00#\x00\x00\x00\x0b\x00\x02\x01\x00\x00\r\x00\x12\x00\x10\x04\x03\x08\x04\x04\x01\x05\x03\x08\x05\x05\x01\x08\x06\x06\x01\x00\x12\x00\x00\x00\x05\x00\x05\x01\x00\x00\x00\x00\xaa\xaa\x00\x01\x00'
[2024-02-26 01:51:17 +0000] [21] [DEBUG] Ignored premature client disconnection. No more data after: b'\x16\x03\x01\x02\x00\x01\x00\x01\xfc\x03\x03\xc1\xa1\x19\x08\x17\x05\xb3"\xadHh\x99\x94y~\xdb\xda\xdc\xda\xe3\xc1\x93F@]qNmP\xf1\xe2\x19 \x14\t\xfa\xf1\xb3\xca\x18\xf1d\xe5H=\x82\xdaK\x7f5X\xfa\x97W<1\xcbG(p\x92mg\xbbR\x00 \n\n\x13\x01\x13\x02\x13\x03\xc0+\xc0/\xc0,\xc00\xcc\xa9\xcc\xa8\xc0\x13\xc0\x14\x00\x9c\x00\x9d\x00/\x005\x01\x00\x01\x93zz\x00\x00\xfe\r\x00\xda\x00\x00\x01\x00\x01\xaf\x00 \xb0e\xc1A]\xf1\xa1S\xa3U\x86\xf0\x82\xfd\xd62\x08\xb5t\xec\xa3uq\xde\x19\xc9da\x8f"D#\x00\xb0\xe5\x95\x12\x9f\x96>\x15U\x85\x8a\x9a\xe6\x9e\x9a\xa74|\x86\x8fh\x1c\x1f\xb4\x86\xad\xbe;\xac\xab\x88\xdf\x02\xa8\x14&\xa19qT\x97\xb9\x9e\x98#\x91\x9b\xaf\x05x\xc3\xa6\xb4\xb6X\xe7a\x12\xd0.\xc2\xc1\x977\x94\x8b\xf3\xe5\xd9\xa59\xa0\x90\x91,\x06y\xb9\xa4\xbav\xdb\xf6\rP\xb2\xc5\xc2(\xce\x8dP\x9e\xf5\xc2\xa4\x83\xd7\x12\xdd\xea\xa3k6\xae\x91\xab!6\xb6\xf3\x1c\x19\xfc\x1e]J\x9a\xd2\x16A\'\x83X>\xcfC\xf0\xa1\x0b\xbf\xe9{m\'\xfbjiT\xfb\xc1\xa6\x96\x9d\xee<\x00\xc3\x17X\xa2\xd5yij\xf5\x8cT&\x8f1\xdf\xc7\x0bD zA\xad\xf1f&\x1d\xf7\xed\xf4\x11\x00\x17\x00\x00\x00\x0b\x00\x02\x01\x00\x00\x12\x00\x00\x00-\x00\x02\x01\x01\x003\x00+\x00)ZZ\x00\x01\x00\x00\x1d\x00 5^\x92\x05\x03\xb8\xba`l\xf8\xdb=\x90\xd3\x02\x9b\x1b\xcd\x1e\xa3[\xa1QG\xff\xe5\xc1\xac\xd9F\x8c9\x00\r\x00\x12\x00\x10\x04\x03\x08\x04\x04\x01\x05\x03\x08\x05\x05\x01\x08\x06\x06\x01\x00+\x00\x07\x06\xca\xca\x03\x04\x03\x03\x00#\x00\x00\x00\x1b\x00\x03\x02\x00\x02\x00\n\x00\n\x00\x08ZZ\x00\x1d\x00\x17\x00\x18Di\x00\x05\x00\x03\x02h2\x00\x10\x00\x0e\x00\x0c\x02h2\x08http/1.1\xff\x01\x00\x01\x00\x00\x05\x00\x05\x01\x00\x00\x00\x00\n\n\x00\x01\x00\x00\x15\x00\x02\x00\x00'
[2024-02-26 01:52:17 +0000] [21] [DEBUG] Ignored premature client disconnection. No more data after: b'\x16\x03\x01\x02\x1a\x01\x00\x02\x16\x03\x03.\xc8\xf2c\x17\x0eA\x81s6d<\x92\xa5m\x8a\xces&\x01P\x931E\x15\x00\x8dW\xc4\xc8;- -\x91\xc3\x1f\x9bJY7\xf7M\xd4\xdaaw\xae\xe5\t(D\xa7"\x15z\xb9=n\xbf{\r\x03:F\x00 \xaa\xaa\x13\x01\x13\x02\x13\x03\xc0+\xc0/\xc0,\xc00\xcc\xa9\xcc\xa8\xc0\x13\xc0\x14\x00\x9c\x00\x9d\x00/\x005\x01\x00\x01\xad\xda\xda\x00\x00\x00#\x00\x00Di\x00\x05\x00\x03\x02h2\x00+\x00\x07\x06JJ\x03\x04\x03\x03\x00\x17\x00\x00\xfe\r\x00\xfa\x00\x00\x01\x00\x01$\x00 |\\m\xb3A\xf9h\xe6\xf4\x9a\x84&\xf3p\xeb\xe5S\xf3\xc4/%\x9dT\x8f5\x14=\xe4\xa8 \xb9+\x00\xd07\x14,."G\xc48f\xf2W\xa1T6|\xe60\x9b4\x810n.(\xdd\xad\xef\xb9\xde,\x01\x9aa\xdd\xa7\x08\xce\x17i#\xfd\x8c\xfdn\xb4\xfd\x95\x13"O\x85\xe66$\xcdX%K\x04\xdc\x10k_@\xd7U\xf0\x8c\x90\xc2\xeekg}\x8c\xbdBt/\xc3\xb0|[T\x8c\xd3\xd9F\xb1Q\xe8\xcdV\x99+\x0e\x1f\x95>\xde\x8elU\x0f\xcf\xb2\xe3<\x94:7\xc2\xc4\xfb\n\xa8\x82\xfb\xe2\xfc\x95\xc2\xa8yZD\x9a0\xcc\x88}\x80\x8b\xf3\x9fmSEV^?\xff;\xe5|\xf6G\xa2u:\x94\x83\xb4\x02]\xd6O.\x12C\x11%\xe5\xd1\xdf\x8f\x11U\xa2\xdb9\x02J\xd8\x83\xd8?{\x07$,cw\'\x83\x0c\xebbj\xa9\xd1\xc0\x8e\x04[\xe7\x91\x8d\xfbGRt\xe3\xef\xc3\x88s\xa4\x00\x12\x00\x00\x00\x05\x00\x05\x01\x00\x00\x00\x00\x00\x1b\x00\x03\x02\x00\x02\xff\x01\x00\x01\x00\x00-\x00\x02\x01\x01\x00\n\x00\n\x00\x08\x8a\x8a\x00\x1d\x00\x17\x00\x18\x00\x0b\x00\x02\x01\x00\x003\x00+\x00)\x8a\x8a\x00\x01\x00\x00\x1d\x00 \xcb\x10A\x9a\x9d\xee\x18+6jIO]\x94J\xce\xd3<\x8e\xbe*\xbe1\x91N\xd2\x93\xea\xf5\xd0;k\x00\x10\x00\x0e\x00\x0c\x02h2\x08http/1.1\x00\r\x00\x12\x00\x10\x04\x03\x08\x04\x04\x01\x05\x03\x08\x05\x05\x01\x08\x06\x06\x01\xba\xba\x00\x01\x00'
[2024-02-26 01:53:47 +0000] [21] [DEBUG] Ignored premature client disconnection. No more data after: b'\x16\x03\x01\x02\x1a\x01\x00\x02\x16\x03\x03\x95\x08\xdch\xb2\xff`\xd1s\x8d\x07\xf2*\x84\xf9\xc1 ]/\x9b\xcf?\x02-~\xf2\x16\xbb\xc3\x96>\xee \xccm\x17\xa9\x8b\xd2\xeb\x8e\x06\xe1\xc9v\xab\x13P4\x0cU\xcf,geh\xb7\x1d\xbb\xaa\xef`V\rj\x00 **\x13\x01\x13\x02\x13\x03\xc0+\xc0/\xc0,\xc00\xcc\xa9\xcc\xa8\xc0\x13\xc0\x14\x00\x9c\x00\x9d\x00/\x005\x01\x00\x01\xad\xba\xba\x00\x00\x00\r\x00\x12\x00\x10\x04\x03\x08\x04\x04\x01\x05\x03\x08\x05\x05\x01\x08\x06\x06\x01\x00-\x00\x02\x01\x01\x00\x12\x00\x00\x00\x17\x00\x00\x00\x10\x00\x0e\x00\x0c\x02h2\x08http/1.1Di\x00\x05\x00\x03\x02h2\x00\x05\x00\x05\x01\x00\x00\x00\x00\xff\x01\x00\x01\x00\x00\x1b\x00\x03\x02\x00\x02\x00\n\x00\n\x00\x08\x8a\x8a\x00\x1d\x00\x17\x00\x18\x00#\x00\x00\x00+\x00\x07\x06\xda\xda\x03\x04\x03\x03\x003\x00+\x00)\x8a\x8a\x00\x01\x00\x00\x1d\x00 \xbf\xc9s\xfbMy\x03\xd0\x1c\xe7\x15E{\xf4\x02g\x1e\xf4r\xfaaev.4\x8c/\xd8\xd7\xdfYR\xfe\r\x00\xfa\x00\x00\x01\x00\x01\x80\x00 ~x\xbb\x00\x90\xf3\x03\xa1\xf2\x18\x0b\x04{XE\xf9\xfd\x92\xbd]\x17\xb1H9\x1c\x88p\xd6\xa4/\xe4u\x00\xd0\x13\x93\x9f\x18\x9c\xd7\x16Ln\xec\x01\xed\xe8\x9f\xd4\xed\xf5~\x8c\xd3\xa3\n\xcc\xd2E\x96\xfd\x88:&\x0e\x1e3\xe7\x00\x1a\xd2\xeaO\xcf#@\xed\xa8\xcd\xa5?;\x15=\t\xe9\xaew< KE@r\xd0^\x19\x0cL\xa1\x0c\xb4\x9dm7*\xd4\xf2\xe3\x89\xa6$b&\x95\t\xf4\xa7\xc8w\xad\xa0\xd2\xe5I\xa0\xa3\xdb\xc4\xe7e\x0f\xbc\xe5\xd5\xf2\xda#\x82,\xe07\x01\x86\xec\x88|\xcd\x1e\x18\x90\xa9G/u[\xb9?\xf5\xcdRT\xb6\xf0\xa7\x1f\x07\x9f\xca\xba\xa5\xeb\xcd\x95|L\x05\xdb\x1b|7\xbc\x82\x95\x90\xa3\\\x94\xa3\xcb\tM\xc2k\x9f\x00H\x992\xa8m\xb5\xb5\\E\x11\xde\x1d\x9a8\xeb\xf5\n\xd6X\xcf\xc2\x06t\xe8\xc9\xa3\xe6\xb6\xc3(\xbaF\xd0\xfe\xc6o\x13\xc2{\xc2\xa7\xb2&\xfbp\x8d\x00\x0b\x00\x02\x01\x00::\x00\x01\x00'
